<?xml version="1.0" encoding="UTF-8"?>
<!-- Generated by org.testng.reporters.JUnitXMLReporter -->
<testsuite ignored="0" hostname="LAPTOP-1108SNCF" failures="0" tests="6" name="Surefire test" time="0.117" errors="0" timestamp="2020-12-16T18:25:39 IST">
  <testcase classname="qaclickacademy.Mavenjava.AppiumTest" name="IOSApp" time="0.006"/>
  <testcase classname="qaclickacademy.Mavenjava.AppiumTest" name="nativeAppAndriod" time="0.001"/>
  <testcase classname="qaclickacademy.Mavenjava.RestAPITest" name="deleteTwitter" time="0.001"/>
  <testcase classname="qaclickacademy.Mavenjava.RestAPITest" name="postJira" time="0.001"/>
  <testcase classname="qaclickacademy.Mavenjava.SeleniumTest" name="browserAutomation" time="0.001"/>
  <testcase classname="qaclickacademy.Mavenjava.SeleniumTest" name="elementsUi" time="0.001"/>
</testsuite> <!-- Surefire test -->
