<?xml version="1.0" encoding="UTF-8"?>
<!-- Generated by org.testng.reporters.JUnitXMLReporter -->
<testsuite ignored="1" hostname="LAPTOP-1108SNCF" failures="0" tests="1" name="Default test" time="0.077" errors="0" timestamp="2020-12-16T18:25:11 IST">
  <testcase classname="qaclickacademy.Mavenjava.SeleniumTest" name="elementsUi" time="0.017"/>
  <testcase classname="qaclickacademy.Mavenjava.SeleniumTest" name="browserAutomation" time="0.0">
    <ignored/>
  </testcase> <!-- browserAutomation -->
</testsuite> <!-- Default test -->
