<?xml version="1.0" encoding="UTF-8"?>
<!-- Generated by org.testng.reporters.JUnitXMLReporter -->
<testsuite ignored="0" hostname="LAPTOP-1108SNCF" failures="0" tests="4" name="Test" time="0.066" errors="0" timestamp="2020-12-17T10:54:44 IST">
  <testcase classname="qaclickacademy.Mavenjava.RestAPITest" name="deleteTwitter" time="0.007"/>
  <testcase classname="qaclickacademy.Mavenjava.RestAPITest" name="postJira" time="0.001"/>
  <testcase classname="qaclickacademy.Mavenjava.SeleniumTest" name="browserAutomation" time="0.001"/>
  <testcase classname="qaclickacademy.Mavenjava.SeleniumTest" name="elementsUi" time="0.001"/>
</testsuite> <!-- Test -->
