<?xml version="1.0" encoding="UTF-8"?>
<testng-results ignored="0" total="4" passed="4" failed="0" skipped="0">
  <reporter-output>
  </reporter-output>
  <suite started-at="2020-12-17T10:54:44 IST" name="Suite" finished-at="2020-12-17T10:54:44 IST" duration-ms="66">
    <groups>
    </groups>
    <test started-at="2020-12-17T10:54:44 IST" name="Test" finished-at="2020-12-17T10:54:44 IST" duration-ms="66">
      <class name="qaclickacademy.Mavenjava.RestAPITest">
        <test-method signature="deleteTwitter()[pri:0, instance:qaclickacademy.Mavenjava.RestAPITest@5ad851c9]" started-at="2020-12-17T10:54:44 IST" name="deleteTwitter" finished-at="2020-12-17T10:54:44 IST" duration-ms="7" status="PASS">
          <reporter-output>
          </reporter-output>
        </test-method> <!-- deleteTwitter -->
        <test-method signature="postJira()[pri:0, instance:qaclickacademy.Mavenjava.RestAPITest@5ad851c9]" started-at="2020-12-17T10:54:44 IST" name="postJira" finished-at="2020-12-17T10:54:44 IST" duration-ms="1" status="PASS">
          <reporter-output>
          </reporter-output>
        </test-method> <!-- postJira -->
      </class> <!-- qaclickacademy.Mavenjava.RestAPITest -->
      <class name="qaclickacademy.Mavenjava.SeleniumTest">
        <test-method signature="browserAutomation()[pri:0, instance:qaclickacademy.Mavenjava.SeleniumTest@6156496]" started-at="2020-12-17T10:54:44 IST" name="browserAutomation" finished-at="2020-12-17T10:54:44 IST" duration-ms="1" status="PASS">
          <reporter-output>
          </reporter-output>
        </test-method> <!-- browserAutomation -->
        <test-method signature="elementsUi()[pri:0, instance:qaclickacademy.Mavenjava.SeleniumTest@6156496]" started-at="2020-12-17T10:54:44 IST" name="elementsUi" finished-at="2020-12-17T10:54:44 IST" duration-ms="1" status="PASS">
          <reporter-output>
          </reporter-output>
        </test-method> <!-- elementsUi -->
      </class> <!-- qaclickacademy.Mavenjava.SeleniumTest -->
    </test> <!-- Test -->
  </suite> <!-- Suite -->
</testng-results>
