<?xml version="1.0" encoding="UTF-8"?>
<testng-results ignored="1" total="2" passed="1" failed="0" skipped="0">
  <reporter-output>
  </reporter-output>
  <suite started-at="2020-12-16T18:25:11 IST" name="Default suite" finished-at="2020-12-16T18:25:11 IST" duration-ms="77">
    <groups>
    </groups>
    <test started-at="2020-12-16T18:25:11 IST" name="Default test" finished-at="2020-12-16T18:25:11 IST" duration-ms="77">
      <class name="qaclickacademy.Mavenjava.SeleniumTest">
        <test-method signature="elementsUi()[pri:0, instance:qaclickacademy.Mavenjava.SeleniumTest@5e316c74]" started-at="2020-12-16T18:25:11 IST" name="elementsUi" finished-at="2020-12-16T18:25:11 IST" duration-ms="17" status="PASS">
          <reporter-output>
          </reporter-output>
        </test-method> <!-- elementsUi -->
      </class> <!-- qaclickacademy.Mavenjava.SeleniumTest -->
    </test> <!-- Default test -->
  </suite> <!-- Default suite -->
</testng-results>
